{"/home/theo/virtuals-dashboard/src/app/error.tsx": {"path":"/home/theo/virtuals-dashboard/src/app/error.tsx","statementMap":{"0":{"start":{"line":10,"column":2},"end":{"line":20,"column":null}}},"fnMap":{"0":{"name":"Error","decl":{"start":{"line":3,"column":24},"end":{"line":3,"column":30}},"loc":{"start":{"line":9,"column":3},"end":{"line":22,"column":null}},"line":9}},"branchMap":{},"s":{"0":2},"f":{"0":2},"b":{},"meta":{"lastBranch":0,"lastFunction":1,"lastStatement":1,"seen":{"f:3:24:3:30":0,"s:10:2:20:Infinity":0}}}
,"/home/theo/virtuals-dashboard/src/app/loading.tsx": {"path":"/home/theo/virtuals-dashboard/src/app/loading.tsx","statementMap":{"0":{"start":{"line":2,"column":2},"end":{"line":5,"column":null}}},"fnMap":{"0":{"name":"Loading","decl":{"start":{"line":1,"column":24},"end":{"line":1,"column":34}},"loc":{"start":{"line":1,"column":34},"end":{"line":7,"column":null}},"line":1}},"branchMap":{},"s":{"0":1},"f":{"0":1},"b":{},"meta":{"lastBranch":0,"lastFunction":1,"lastStatement":1,"seen":{"f:1:24:1:34":0,"s:2:2:5:Infinity":0}}}
,"/home/theo/virtuals-dashboard/src/app/not-found.tsx": {"path":"/home/theo/virtuals-dashboard/src/app/not-found.tsx","statementMap":{"0":{"start":{"line":4,"column":2},"end":{"line":14,"column":null}}},"fnMap":{"0":{"name":"NotFound","decl":{"start":{"line":3,"column":24},"end":{"line":3,"column":35}},"loc":{"start":{"line":3,"column":35},"end":{"line":16,"column":null}},"line":3}},"branchMap":{},"s":{"0":1},"f":{"0":1},"b":{},"meta":{"lastBranch":0,"lastFunction":1,"lastStatement":1,"seen":{"f:3:24:3:35":0,"s:4:2:14:Infinity":0}}}
,"/home/theo/virtuals-dashboard/src/app/agent/[id]/CopyButton.tsx": {"path":"/home/theo/virtuals-dashboard/src/app/agent/[id]/CopyButton.tsx","statementMap":{"0":{"start":{"line":6,"column":26},"end":{"line":6,"column":null}},"1":{"start":{"line":8,"column":21},"end":{"line":12,"column":null}},"2":{"start":{"line":9,"column":4},"end":{"line":9,"column":null}},"3":{"start":{"line":10,"column":4},"end":{"line":10,"column":null}},"4":{"start":{"line":11,"column":4},"end":{"line":11,"column":null}},"5":{"start":{"line":11,"column":21},"end":{"line":11,"column":39}},"6":{"start":{"line":14,"column":2},"end":{"line":20,"column":null}}},"fnMap":{"0":{"name":"CopyButton","decl":{"start":{"line":5,"column":16},"end":{"line":5,"column":27}},"loc":{"start":{"line":5,"column":55},"end":{"line":22,"column":null}},"line":5},"1":{"name":"(anonymous_1)","decl":{"start":{"line":8,"column":21},"end":{"line":8,"column":33}},"loc":{"start":{"line":8,"column":33},"end":{"line":12,"column":null}},"line":8},"2":{"name":"(anonymous_2)","decl":{"start":{"line":11,"column":15},"end":{"line":11,"column":21}},"loc":{"start":{"line":11,"column":21},"end":{"line":11,"column":39}},"line":11}},"branchMap":{"0":{"loc":{"start":{"line":19,"column":7},"end":{"line":19,"column":null}},"type":"cond-expr","locations":[{"start":{"line":19,"column":16},"end":{"line":19,"column":25}},{"start":{"line":19,"column":25},"end":{"line":19,"column":null}}],"line":19}},"s":{"0":3,"1":3,"2":1,"3":1,"4":1,"5":0,"6":3},"f":{"0":3,"1":1,"2":0},"b":{"0":[1,2]},"meta":{"lastBranch":1,"lastFunction":3,"lastStatement":7,"seen":{"f:5:16:5:27":0,"s:6:26:6:Infinity":0,"s:8:21:12:Infinity":1,"f:8:21:8:33":1,"s:9:4:9:Infinity":2,"s:10:4:10:Infinity":3,"s:11:4:11:Infinity":4,"f:11:15:11:21":2,"s:11:21:11:39":5,"s:14:2:20:Infinity":6,"b:19:16:19:25:19:25:19:Infinity":0}}}
,"/home/theo/virtuals-dashboard/src/components/Charts.tsx": {"path":"/home/theo/virtuals-dashboard/src/components/Charts.tsx","statementMap":{"0":{"start":{"line":9,"column":15},"end":{"line":9,"column":null}},"1":{"start":{"line":12,"column":15},"end":{"line":14,"column":null}},"2":{"start":{"line":13,"column":32},"end":{"line":13,"column":104}},"3":{"start":{"line":13,"column":104},"end":{"line":13,"column":116}},"4":{"start":{"line":14,"column":28},"end":{"line":14,"column":44}},"5":{"start":{"line":16,"column":2},"end":{"line":27,"column":null}},"6":{"start":{"line":21,"column":138},"end":{"line":21,"column":227}},"7":{"start":{"line":22,"column":32},"end":{"line":22,"column":81}},"8":{"start":{"line":32,"column":15},"end":{"line":33,"column":null}},"9":{"start":{"line":32,"column":36},"end":{"line":32,"column":87}},"10":{"start":{"line":33,"column":17},"end":{"line":33,"column":89}},"11":{"start":{"line":35,"column":2},"end":{"line":47,"column":null}},"12":{"start":{"line":52,"column":15},"end":{"line":56,"column":null}},"13":{"start":{"line":52,"column":36},"end":{"line":52,"column":54}},"14":{"start":{"line":52,"column":68},"end":{"line":56,"column":4}},"15":{"start":{"line":58,"column":2},"end":{"line":70,"column":null}},"16":{"start":{"line":75,"column":15},"end":{"line":77,"column":null}},"17":{"start":{"line":76,"column":32},"end":{"line":76,"column":96}},"18":{"start":{"line":76,"column":96},"end":{"line":76,"column":108}},"19":{"start":{"line":77,"column":28},"end":{"line":77,"column":44}},"20":{"start":{"line":77,"column":61},"end":{"line":77,"column":78}},"21":{"start":{"line":79,"column":2},"end":{"line":91,"column":null}}},"fnMap":{"0":{"name":"CategoryPieChart","decl":{"start":{"line":11,"column":16},"end":{"line":11,"column":33}},"loc":{"start":{"line":11,"column":73},"end":{"line":29,"column":null}},"line":11},"1":{"name":"(anonymous_1)","decl":{"start":{"line":13,"column":18},"end":{"line":13,"column":19}},"loc":{"start":{"line":13,"column":30},"end":{"line":13,"column":119}},"line":13},"2":{"name":"(anonymous_2)","decl":{"start":{"line":14,"column":8},"end":{"line":14,"column":9}},"loc":{"start":{"line":14,"column":28},"end":{"line":14,"column":44}},"line":14},"3":{"name":"(anonymous_3)","decl":{"start":{"line":21,"column":102},"end":{"line":21,"column":103}},"loc":{"start":{"line":21,"column":138},"end":{"line":21,"column":227}},"line":21},"4":{"name":"(anonymous_4)","decl":{"start":{"line":22,"column":22},"end":{"line":22,"column":23}},"loc":{"start":{"line":22,"column":32},"end":{"line":22,"column":81}},"line":22},"5":{"name":"RevenueBarChart","decl":{"start":{"line":31,"column":16},"end":{"line":31,"column":32}},"loc":{"start":{"line":31,"column":72},"end":{"line":49,"column":null}},"line":31},"6":{"name":"(anonymous_6)","decl":{"start":{"line":32,"column":32},"end":{"line":32,"column":33}},"loc":{"start":{"line":32,"column":36},"end":{"line":32,"column":87}},"line":32},"7":{"name":"(anonymous_7)","decl":{"start":{"line":33,"column":9},"end":{"line":33,"column":10}},"loc":{"start":{"line":33,"column":17},"end":{"line":33,"column":89}},"line":33},"8":{"name":"SuccessRevenueScatter","decl":{"start":{"line":51,"column":16},"end":{"line":51,"column":38}},"loc":{"start":{"line":51,"column":78},"end":{"line":72,"column":null}},"line":51},"9":{"name":"(anonymous_9)","decl":{"start":{"line":52,"column":29},"end":{"line":52,"column":30}},"loc":{"start":{"line":52,"column":36},"end":{"line":52,"column":54}},"line":52},"10":{"name":"(anonymous_10)","decl":{"start":{"line":52,"column":60},"end":{"line":52,"column":61}},"loc":{"start":{"line":52,"column":68},"end":{"line":56,"column":4}},"line":52},"11":{"name":"RoleDistribution","decl":{"start":{"line":74,"column":16},"end":{"line":74,"column":33}},"loc":{"start":{"line":74,"column":73},"end":{"line":93,"column":null}},"line":74},"12":{"name":"(anonymous_12)","decl":{"start":{"line":76,"column":18},"end":{"line":76,"column":19}},"loc":{"start":{"line":76,"column":30},"end":{"line":76,"column":111}},"line":76},"13":{"name":"(anonymous_13)","decl":{"start":{"line":77,"column":8},"end":{"line":77,"column":9}},"loc":{"start":{"line":77,"column":28},"end":{"line":77,"column":44}},"line":77},"14":{"name":"(anonymous_14)","decl":{"start":{"line":77,"column":51},"end":{"line":77,"column":52}},"loc":{"start":{"line":77,"column":61},"end":{"line":77,"column":78}},"line":77}},"branchMap":{"0":{"loc":{"start":{"line":13,"column":36},"end":{"line":13,"column":59}},"type":"binary-expr","locations":[{"start":{"line":13,"column":36},"end":{"line":13,"column":50}},{"start":{"line":13,"column":50},"end":{"line":13,"column":59}}],"line":13},"1":{"loc":{"start":{"line":13,"column":64},"end":{"line":13,"column":101}},"type":"binary-expr","locations":[{"start":{"line":13,"column":64},"end":{"line":13,"column":96}},{"start":{"line":13,"column":96},"end":{"line":13,"column":101}}],"line":13},"2":{"loc":{"start":{"line":13,"column":68},"end":{"line":13,"column":91}},"type":"binary-expr","locations":[{"start":{"line":13,"column":68},"end":{"line":13,"column":82}},{"start":{"line":13,"column":82},"end":{"line":13,"column":91}}],"line":13},"3":{"loc":{"start":{"line":21,"column":141},"end":{"line":21,"column":157}},"type":"binary-expr","locations":[{"start":{"line":21,"column":141},"end":{"line":21,"column":155}},{"start":{"line":21,"column":155},"end":{"line":21,"column":157}}],"line":21},"4":{"loc":{"start":{"line":21,"column":164},"end":{"line":21,"column":197}},"type":"binary-expr","locations":[{"start":{"line":21,"column":164},"end":{"line":21,"column":192}},{"start":{"line":21,"column":192},"end":{"line":21,"column":197}}],"line":21},"5":{"loc":{"start":{"line":32,"column":43},"end":{"line":32,"column":67}},"type":"binary-expr","locations":[{"start":{"line":32,"column":43},"end":{"line":32,"column":61}},{"start":{"line":32,"column":61},"end":{"line":32,"column":67}}],"line":32},"6":{"loc":{"start":{"line":32,"column":67},"end":{"line":32,"column":87}},"type":"binary-expr","locations":[{"start":{"line":32,"column":67},"end":{"line":32,"column":85}},{"start":{"line":32,"column":85},"end":{"line":32,"column":87}}],"line":32},"7":{"loc":{"start":{"line":33,"column":25},"end":{"line":33,"column":58}},"type":"binary-expr","locations":[{"start":{"line":33,"column":25},"end":{"line":33,"column":54}},{"start":{"line":33,"column":54},"end":{"line":33,"column":58}}],"line":33},"8":{"loc":{"start":{"line":33,"column":67},"end":{"line":33,"column":87}},"type":"binary-expr","locations":[{"start":{"line":33,"column":67},"end":{"line":33,"column":85}},{"start":{"line":33,"column":85},"end":{"line":33,"column":87}}],"line":33},"9":{"loc":{"start":{"line":53,"column":7},"end":{"line":53,"column":null}},"type":"binary-expr","locations":[{"start":{"line":53,"column":7},"end":{"line":53,"column":24}},{"start":{"line":53,"column":24},"end":{"line":53,"column":null}}],"line":53},"10":{"loc":{"start":{"line":54,"column":7},"end":{"line":54,"column":null}},"type":"binary-expr","locations":[{"start":{"line":54,"column":7},"end":{"line":54,"column":25}},{"start":{"line":54,"column":25},"end":{"line":54,"column":null}}],"line":54},"11":{"loc":{"start":{"line":76,"column":36},"end":{"line":76,"column":55}},"type":"binary-expr","locations":[{"start":{"line":76,"column":36},"end":{"line":76,"column":46}},{"start":{"line":76,"column":46},"end":{"line":76,"column":55}}],"line":76},"12":{"loc":{"start":{"line":76,"column":60},"end":{"line":76,"column":93}},"type":"binary-expr","locations":[{"start":{"line":76,"column":60},"end":{"line":76,"column":88}},{"start":{"line":76,"column":88},"end":{"line":76,"column":93}}],"line":76},"13":{"loc":{"start":{"line":76,"column":64},"end":{"line":76,"column":83}},"type":"binary-expr","locations":[{"start":{"line":76,"column":64},"end":{"line":76,"column":74}},{"start":{"line":76,"column":74},"end":{"line":76,"column":83}}],"line":76}},"s":{"0":0,"1":0,"2":0,"3":0,"4":0,"5":0,"6":0,"7":0,"8":0,"9":0,"10":0,"11":0,"12":0,"13":0,"14":0,"15":0,"16":0,"17":0,"18":0,"19":0,"20":0,"21":0},"f":{"0":0,"1":0,"2":0,"3":0,"4":0,"5":0,"6":0,"7":0,"8":0,"9":0,"10":0,"11":0,"12":0,"13":0,"14":0},"b":{"0":[0,0],"1":[0,0],"2":[0,0],"3":[0,0],"4":[0,0],"5":[0,0],"6":[0,0],"7":[0,0],"8":[0,0],"9":[0,0],"10":[0,0],"11":[0,0],"12":[0,0],"13":[0,0]},"meta":{"lastBranch":14,"lastFunction":15,"lastStatement":22,"seen":{"s:9:15:9:Infinity":0,"f:11:16:11:33":0,"s:12:15:14:Infinity":1,"f:13:18:13:19":1,"s:13:32:13:104":2,"b:13:36:13:50:13:50:13:59":0,"b:13:64:13:96:13:96:13:101":1,"b:13:68:13:82:13:82:13:91":2,"s:13:104:13:116":3,"f:14:8:14:9":2,"s:14:28:14:44":4,"s:16:2:27:Infinity":5,"f:21:102:21:103":3,"s:21:138:21:227":6,"b:21:141:21:155:21:155:21:157":3,"b:21:164:21:192:21:192:21:197":4,"f:22:22:22:23":4,"s:22:32:22:81":7,"f:31:16:31:32":5,"s:32:15:33:Infinity":8,"f:32:32:32:33":6,"s:32:36:32:87":9,"b:32:43:32:61:32:61:32:67":5,"b:32:67:32:85:32:85:32:87":6,"f:33:9:33:10":7,"s:33:17:33:89":10,"b:33:25:33:54:33:54:33:58":7,"b:33:67:33:85:33:85:33:87":8,"s:35:2:47:Infinity":11,"f:51:16:51:38":8,"s:52:15:56:Infinity":12,"f:52:29:52:30":9,"s:52:36:52:54":13,"f:52:60:52:61":10,"s:52:68:56:4":14,"b:53:7:53:24:53:24:53:Infinity":9,"b:54:7:54:25:54:25:54:Infinity":10,"s:58:2:70:Infinity":15,"f:74:16:74:33":11,"s:75:15:77:Infinity":16,"f:76:18:76:19":12,"s:76:32:76:96":17,"b:76:36:76:46:76:46:76:55":11,"b:76:60:76:88:76:88:76:93":12,"b:76:64:76:74:76:74:76:83":13,"s:76:96:76:108":18,"f:77:8:77:9":13,"s:77:28:77:44":19,"f:77:51:77:52":14,"s:77:61:77:78":20,"s:79:2:91:Infinity":21}}}
,"/home/theo/virtuals-dashboard/src/components/ClientErrorBoundary.tsx": {"path":"/home/theo/virtuals-dashboard/src/components/ClientErrorBoundary.tsx","statementMap":{"0":{"start":{"line":6,"column":2},"end":{"line":6,"column":null}}},"fnMap":{"0":{"name":"ClientErrorBoundary","decl":{"start":{"line":5,"column":16},"end":{"line":5,"column":36}},"loc":{"start":{"line":5,"column":81},"end":{"line":7,"column":null}},"line":5}},"branchMap":{},"s":{"0":1},"f":{"0":1},"b":{},"meta":{"lastBranch":0,"lastFunction":1,"lastStatement":1,"seen":{"f:5:16:5:36":0,"s:6:2:6:Infinity":0}}}
,"/home/theo/virtuals-dashboard/src/components/ErrorBoundary.tsx": {"path":"/home/theo/virtuals-dashboard/src/components/ErrorBoundary.tsx","statementMap":{"0":{"start":{"line":17,"column":4},"end":{"line":17,"column":null}},"1":{"start":{"line":18,"column":4},"end":{"line":18,"column":null}},"2":{"start":{"line":22,"column":4},"end":{"line":22,"column":null}},"3":{"start":{"line":26,"column":4},"end":{"line":41,"column":null}},"4":{"start":{"line":27,"column":6},"end":{"line":38,"column":null}},"5":{"start":{"line":33,"column":29},"end":{"line":33,"column":null}},"6":{"start":{"line":42,"column":4},"end":{"line":42,"column":null}}},"fnMap":{"0":{"name":"(anonymous_0)","decl":{"start":{"line":16,"column":2},"end":{"line":16,"column":14}},"loc":{"start":{"line":16,"column":28},"end":{"line":19,"column":null}},"line":16},"1":{"name":"(anonymous_1)","decl":{"start":{"line":21,"column":9},"end":{"line":21,"column":34}},"loc":{"start":{"line":21,"column":55},"end":{"line":23,"column":null}},"line":21},"2":{"name":"(anonymous_2)","decl":{"start":{"line":25,"column":2},"end":{"line":25,"column":11}},"loc":{"start":{"line":25,"column":11},"end":{"line":43,"column":null}},"line":25},"3":{"name":"(anonymous_3)","decl":{"start":{"line":33,"column":23},"end":{"line":33,"column":29}},"loc":{"start":{"line":33,"column":29},"end":{"line":33,"column":null}},"line":33}},"branchMap":{"0":{"loc":{"start":{"line":26,"column":4},"end":{"line":41,"column":null}},"type":"if","locations":[{"start":{"line":26,"column":4},"end":{"line":41,"column":null}},{"start":{},"end":{}}],"line":26},"1":{"loc":{"start":{"line":28,"column":8},"end":{"line":38,"column":null}},"type":"binary-expr","locations":[{"start":{"line":28,"column":8},"end":{"line":28,"column":null}},{"start":{"line":29,"column":10},"end":{"line":38,"column":null}}],"line":28}},"s":{"0":9,"1":9,"2":6,"3":14,"4":6,"5":0,"6":8},"f":{"0":9,"1":2,"2":14,"3":0},"b":{"0":[6,8],"1":[6,4]},"meta":{"lastBranch":2,"lastFunction":4,"lastStatement":7,"seen":{"f:16:2:16:14":0,"s:17:4:17:Infinity":0,"s:18:4:18:Infinity":1,"f:21:9:21:34":1,"s:22:4:22:Infinity":2,"f:25:2:25:11":2,"b:26:4:41:Infinity:undefined:undefined:undefined:undefined":0,"s:26:4:41:Infinity":3,"s:27:6:38:Infinity":4,"b:28:8:28:Infinity:29:10:38:Infinity":1,"f:33:23:33:29":3,"s:33:29:33:Infinity":5,"s:42:4:42:Infinity":6}}}
,"/home/theo/virtuals-dashboard/src/components/Navbar.tsx": {"path":"/home/theo/virtuals-dashboard/src/components/Navbar.tsx","statementMap":{"0":{"start":{"line":7,"column":30},"end":{"line":7,"column":null}},"1":{"start":{"line":9,"column":2},"end":{"line":45,"column":null}},"2":{"start":{"line":27,"column":23},"end":{"line":27,"column":null}},"3":{"start":{"line":40,"column":101},"end":{"line":40,"column":121}},"4":{"start":{"line":41,"column":110},"end":{"line":41,"column":130}},"5":{"start":{"line":42,"column":109},"end":{"line":42,"column":129}}},"fnMap":{"0":{"name":"Navbar","decl":{"start":{"line":6,"column":24},"end":{"line":6,"column":33}},"loc":{"start":{"line":6,"column":33},"end":{"line":47,"column":null}},"line":6},"1":{"name":"(anonymous_1)","decl":{"start":{"line":27,"column":17},"end":{"line":27,"column":23}},"loc":{"start":{"line":27,"column":23},"end":{"line":27,"column":null}},"line":27},"2":{"name":"(anonymous_2)","decl":{"start":{"line":40,"column":95},"end":{"line":40,"column":101}},"loc":{"start":{"line":40,"column":101},"end":{"line":40,"column":121}},"line":40},"3":{"name":"(anonymous_3)","decl":{"start":{"line":41,"column":104},"end":{"line":41,"column":110}},"loc":{"start":{"line":41,"column":110},"end":{"line":41,"column":130}},"line":41},"4":{"name":"(anonymous_4)","decl":{"start":{"line":42,"column":103},"end":{"line":42,"column":109}},"loc":{"start":{"line":42,"column":109},"end":{"line":42,"column":129}},"line":42}},"branchMap":{"0":{"loc":{"start":{"line":30,"column":11},"end":{"line":32,"column":null}},"type":"cond-expr","locations":[{"start":{"line":31,"column":14},"end":{"line":31,"column":null}},{"start":{"line":32,"column":14},"end":{"line":32,"column":null}}],"line":30},"1":{"loc":{"start":{"line":38,"column":7},"end":{"line":43,"column":null}},"type":"binary-expr","locations":[{"start":{"line":38,"column":7},"end":{"line":38,"column":null}},{"start":{"line":39,"column":8},"end":{"line":43,"column":null}}],"line":38}},"s":{"0":4,"1":4,"2":1,"3":0,"4":0,"5":0},"f":{"0":4,"1":1,"2":0,"3":0,"4":0},"b":{"0":[1,3],"1":[4,1]},"meta":{"lastBranch":2,"lastFunction":5,"lastStatement":6,"seen":{"f:6:24:6:33":0,"s:7:30:7:Infinity":0,"s:9:2:45:Infinity":1,"f:27:17:27:23":1,"s:27:23:27:Infinity":2,"b:31:14:31:Infinity:32:14:32:Infinity":0,"b:38:7:38:Infinity:39:8:43:Infinity":1,"f:40:95:40:101":2,"s:40:101:40:121":3,"f:41:104:41:110":3,"s:41:110:41:130":4,"f:42:103:42:109":4,"s:42:109:42:129":5}}}
,"/home/theo/virtuals-dashboard/src/components/RankingTable.tsx": {"path":"/home/theo/virtuals-dashboard/src/components/RankingTable.tsx","statementMap":{"0":{"start":{"line":11,"column":44},"end":{"line":23,"column":null}},"1":{"start":{"line":26,"column":2},"end":{"line":26,"column":null}},"2":{"start":{"line":29,"column":18},"end":{"line":29,"column":null}},"3":{"start":{"line":32,"column":28},"end":{"line":32,"column":null}},"4":{"start":{"line":33,"column":28},"end":{"line":33,"column":null}},"5":{"start":{"line":34,"column":26},"end":{"line":34,"column":null}},"6":{"start":{"line":35,"column":30},"end":{"line":35,"column":null}},"7":{"start":{"line":36,"column":28},"end":{"line":36,"column":null}},"8":{"start":{"line":37,"column":22},"end":{"line":37,"column":null}},"9":{"start":{"line":38,"column":30},"end":{"line":38,"column":null}},"10":{"start":{"line":40,"column":8},"end":{"line":40,"column":null}},"11":{"start":{"line":40,"column":35},"end":{"line":40,"column":96}},"12":{"start":{"line":40,"column":65},"end":{"line":40,"column":75}},"13":{"start":{"line":42,"column":8},"end":{"line":52,"column":null}},"14":{"start":{"line":43,"column":15},"end":{"line":43,"column":null}},"15":{"start":{"line":44,"column":4},"end":{"line":44,"column":null}},"16":{"start":{"line":44,"column":18},"end":{"line":44,"column":null}},"17":{"start":{"line":44,"column":38},"end":{"line":44,"column":69}},"18":{"start":{"line":45,"column":4},"end":{"line":45,"column":null}},"19":{"start":{"line":45,"column":16},"end":{"line":45,"column":null}},"20":{"start":{"line":45,"column":42},"end":{"line":45,"column":99}},"21":{"start":{"line":46,"column":4},"end":{"line":46,"column":null}},"22":{"start":{"line":46,"column":18},"end":{"line":46,"column":null}},"23":{"start":{"line":46,"column":44},"end":{"line":46,"column":67}},"24":{"start":{"line":47,"column":4},"end":{"line":50,"column":null}},"25":{"start":{"line":48,"column":12},"end":{"line":48,"column":null}},"26":{"start":{"line":49,"column":6},"end":{"line":49,"column":null}},"27":{"start":{"line":51,"column":4},"end":{"line":51,"column":null}},"28":{"start":{"line":54,"column":21},"end":{"line":54,"column":null}},"29":{"start":{"line":55,"column":16},"end":{"line":55,"column":null}},"30":{"start":{"line":57,"column":2},"end":{"line":57,"column":null}},"31":{"start":{"line":57,"column":16},"end":{"line":57,"column":28}},"32":{"start":{"line":59,"column":21},"end":{"line":62,"column":null}},"33":{"start":{"line":60,"column":4},"end":{"line":61,"column":null}},"34":{"start":{"line":60,"column":25},"end":{"line":60,"column":null}},"35":{"start":{"line":61,"column":11},"end":{"line":61,"column":28}},"36":{"start":{"line":61,"column":28},"end":{"line":61,"column":47}},"37":{"start":{"line":64,"column":14},"end":{"line":67,"column":null}},"38":{"start":{"line":65,"column":4},"end":{"line":67,"column":null}},"39":{"start":{"line":65,"column":115},"end":{"line":65,"column":null}},"40":{"start":{"line":70,"column":18},"end":{"line":80,"column":null}},"41":{"start":{"line":71,"column":4},"end":{"line":80,"column":null}},"42":{"start":{"line":83,"column":2},"end":{"line":221,"column":null}},"43":{"start":{"line":96,"column":31},"end":{"line":96,"column":null}},"44":{"start":{"line":102,"column":29},"end":{"line":102,"column":null}},"45":{"start":{"line":105,"column":35},"end":{"line":105,"column":88}},"46":{"start":{"line":112,"column":60},"end":{"line":112,"column":80}},"47":{"start":{"line":117,"column":29},"end":{"line":117,"column":null}},"48":{"start":{"line":122,"column":29},"end":{"line":122,"column":null}},"49":{"start":{"line":145,"column":16},"end":{"line":164,"column":null}},"50":{"start":{"line":175,"column":12},"end":{"line":200,"column":null}},"51":{"start":{"line":212,"column":27},"end":{"line":212,"column":null}},"52":{"start":{"line":217,"column":27},"end":{"line":217,"column":null}}},"fnMap":{"0":{"name":"categoryLabel","decl":{"start":{"line":25,"column":9},"end":{"line":25,"column":23}},"loc":{"start":{"line":25,"column":34},"end":{"line":27,"column":null}},"line":25},"1":{"name":"RankingTable","decl":{"start":{"line":31,"column":24},"end":{"line":31,"column":37}},"loc":{"start":{"line":31,"column":77},"end":{"line":223,"column":null}},"line":31},"2":{"name":"(anonymous_2)","decl":{"start":{"line":40,"column":29},"end":{"line":40,"column":35}},"loc":{"start":{"line":40,"column":35},"end":{"line":40,"column":96}},"line":40},"3":{"name":"(anonymous_3)","decl":{"start":{"line":40,"column":58},"end":{"line":40,"column":59}},"loc":{"start":{"line":40,"column":65},"end":{"line":40,"column":75}},"line":40},"4":{"name":"(anonymous_4)","decl":{"start":{"line":42,"column":27},"end":{"line":42,"column":33}},"loc":{"start":{"line":42,"column":33},"end":{"line":52,"column":5}},"line":42},"5":{"name":"(anonymous_5)","decl":{"start":{"line":44,"column":37},"end":{"line":44,"column":38}},"loc":{"start":{"line":44,"column":38},"end":{"line":44,"column":69}},"line":44},"6":{"name":"(anonymous_6)","decl":{"start":{"line":45,"column":35},"end":{"line":45,"column":36}},"loc":{"start":{"line":45,"column":42},"end":{"line":45,"column":99}},"line":45},"7":{"name":"(anonymous_7)","decl":{"start":{"line":46,"column":37},"end":{"line":46,"column":38}},"loc":{"start":{"line":46,"column":44},"end":{"line":46,"column":67}},"line":46},"8":{"name":"(anonymous_8)","decl":{"start":{"line":47,"column":26},"end":{"line":47,"column":27}},"loc":{"start":{"line":47,"column":36},"end":{"line":50,"column":5}},"line":47},"9":{"name":"(anonymous_9)","decl":{"start":{"line":57,"column":10},"end":{"line":57,"column":16}},"loc":{"start":{"line":57,"column":16},"end":{"line":57,"column":28}},"line":57},"10":{"name":"(anonymous_10)","decl":{"start":{"line":59,"column":21},"end":{"line":59,"column":22}},"loc":{"start":{"line":59,"column":39},"end":{"line":62,"column":null}},"line":59},"11":{"name":"(anonymous_11)","decl":{"start":{"line":64,"column":14},"end":{"line":64,"column":15}},"loc":{"start":{"line":65,"column":4},"end":{"line":67,"column":null}},"line":65},"12":{"name":"(anonymous_12)","decl":{"start":{"line":65,"column":109},"end":{"line":65,"column":115}},"loc":{"start":{"line":65,"column":115},"end":{"line":65,"column":null}},"line":65},"13":{"name":"(anonymous_13)","decl":{"start":{"line":70,"column":18},"end":{"line":70,"column":19}},"loc":{"start":{"line":71,"column":4},"end":{"line":80,"column":null}},"line":71},"14":{"name":"(anonymous_14)","decl":{"start":{"line":96,"column":24},"end":{"line":96,"column":25}},"loc":{"start":{"line":96,"column":31},"end":{"line":96,"column":null}},"line":96},"15":{"name":"(anonymous_15)","decl":{"start":{"line":102,"column":22},"end":{"line":102,"column":23}},"loc":{"start":{"line":102,"column":29},"end":{"line":102,"column":null}},"line":102},"16":{"name":"(anonymous_16)","decl":{"start":{"line":105,"column":28},"end":{"line":105,"column":29}},"loc":{"start":{"line":105,"column":35},"end":{"line":105,"column":88}},"line":105},"17":{"name":"(anonymous_17)","decl":{"start":{"line":112,"column":54},"end":{"line":112,"column":60}},"loc":{"start":{"line":112,"column":60},"end":{"line":112,"column":80}},"line":112},"18":{"name":"(anonymous_18)","decl":{"start":{"line":117,"column":23},"end":{"line":117,"column":29}},"loc":{"start":{"line":117,"column":29},"end":{"line":117,"column":null}},"line":117},"19":{"name":"(anonymous_19)","decl":{"start":{"line":122,"column":23},"end":{"line":122,"column":29}},"loc":{"start":{"line":122,"column":29},"end":{"line":122,"column":null}},"line":122},"20":{"name":"(anonymous_20)","decl":{"start":{"line":144,"column":25},"end":{"line":144,"column":26}},"loc":{"start":{"line":145,"column":16},"end":{"line":164,"column":null}},"line":145},"21":{"name":"(anonymous_21)","decl":{"start":{"line":174,"column":21},"end":{"line":174,"column":22}},"loc":{"start":{"line":175,"column":12},"end":{"line":200,"column":null}},"line":175},"22":{"name":"(anonymous_22)","decl":{"start":{"line":212,"column":21},"end":{"line":212,"column":27}},"loc":{"start":{"line":212,"column":27},"end":{"line":212,"column":null}},"line":212},"23":{"name":"(anonymous_23)","decl":{"start":{"line":217,"column":21},"end":{"line":217,"column":27}},"loc":{"start":{"line":217,"column":27},"end":{"line":217,"column":null}},"line":217}},"branchMap":{"0":{"loc":{"start":{"line":26,"column":9},"end":{"line":26,"column":null}},"type":"binary-expr","locations":[{"start":{"line":26,"column":9},"end":{"line":26,"column":27}},{"start":{"line":26,"column":27},"end":{"line":26,"column":null}}],"line":26},"1":{"loc":{"start":{"line":44,"column":4},"end":{"line":44,"column":null}},"type":"if","locations":[{"start":{"line":44,"column":4},"end":{"line":44,"column":null}},{"start":{},"end":{}}],"line":44},"2":{"loc":{"start":{"line":44,"column":45},"end":{"line":44,"column":68}},"type":"binary-expr","locations":[{"start":{"line":44,"column":45},"end":{"line":44,"column":63}},{"start":{"line":44,"column":63},"end":{"line":44,"column":68}}],"line":44},"3":{"loc":{"start":{"line":45,"column":4},"end":{"line":45,"column":null}},"type":"if","locations":[{"start":{"line":45,"column":4},"end":{"line":45,"column":null}},{"start":{},"end":{}}],"line":45},"4":{"loc":{"start":{"line":46,"column":4},"end":{"line":46,"column":null}},"type":"if","locations":[{"start":{"line":46,"column":4},"end":{"line":46,"column":null}},{"start":{},"end":{}}],"line":46},"5":{"loc":{"start":{"line":48,"column":20},"end":{"line":48,"column":40}},"type":"binary-expr","locations":[{"start":{"line":48,"column":20},"end":{"line":48,"column":34}},{"start":{"line":48,"column":34},"end":{"line":48,"column":40}}],"line":48},"6":{"loc":{"start":{"line":48,"column":40},"end":{"line":48,"column":null}},"type":"binary-expr","locations":[{"start":{"line":48,"column":40},"end":{"line":48,"column":54}},{"start":{"line":48,"column":54},"end":{"line":48,"column":null}}],"line":48},"7":{"loc":{"start":{"line":49,"column":13},"end":{"line":49,"column":null}},"type":"cond-expr","locations":[{"start":{"line":49,"column":23},"end":{"line":49,"column":30}},{"start":{"line":49,"column":30},"end":{"line":49,"column":null}}],"line":49},"8":{"loc":{"start":{"line":60,"column":4},"end":{"line":61,"column":null}},"type":"if","locations":[{"start":{"line":60,"column":4},"end":{"line":61,"column":null}},{"start":{"line":61,"column":9},"end":{"line":61,"column":null}}],"line":60},"9":{"loc":{"start":{"line":66,"column":15},"end":{"line":66,"column":null}},"type":"cond-expr","locations":[{"start":{"line":66,"column":34},"end":{"line":66,"column":57}},{"start":{"line":66,"column":57},"end":{"line":66,"column":null}}],"line":66},"10":{"loc":{"start":{"line":66,"column":34},"end":{"line":66,"column":57}},"type":"cond-expr","locations":[{"start":{"line":66,"column":44},"end":{"line":66,"column":50}},{"start":{"line":66,"column":50},"end":{"line":66,"column":57}}],"line":66},"11":{"loc":{"start":{"line":73,"column":8},"end":{"line":75,"column":null}},"type":"cond-expr","locations":[{"start":{"line":74,"column":12},"end":{"line":74,"column":null}},{"start":{"line":75,"column":12},"end":{"line":75,"column":null}}],"line":73},"12":{"loc":{"start":{"line":112,"column":21},"end":{"line":112,"column":48}},"type":"cond-expr","locations":[{"start":{"line":112,"column":31},"end":{"line":112,"column":42}},{"start":{"line":112,"column":42},"end":{"line":112,"column":48}}],"line":112},"13":{"loc":{"start":{"line":116,"column":84},"end":{"line":116,"column":197}},"type":"cond-expr","locations":[{"start":{"line":116,"column":107},"end":{"line":116,"column":152}},{"start":{"line":116,"column":152},"end":{"line":116,"column":197}}],"line":116},"14":{"loc":{"start":{"line":121,"column":84},"end":{"line":121,"column":196}},"type":"cond-expr","locations":[{"start":{"line":121,"column":106},"end":{"line":121,"column":151}},{"start":{"line":121,"column":151},"end":{"line":121,"column":196}}],"line":121},"15":{"loc":{"start":{"line":130,"column":7},"end":{"line":168,"column":null}},"type":"binary-expr","locations":[{"start":{"line":130,"column":7},"end":{"line":130,"column":null}},{"start":{"line":131,"column":8},"end":{"line":168,"column":null}}],"line":130},"16":{"loc":{"start":{"line":149,"column":23},"end":{"line":149,"column":null}},"type":"binary-expr","locations":[{"start":{"line":149,"column":23},"end":{"line":149,"column":39}},{"start":{"line":149,"column":39},"end":{"line":149,"column":null}}],"line":149},"17":{"loc":{"start":{"line":156,"column":103},"end":{"line":156,"column":122}},"type":"binary-expr","locations":[{"start":{"line":156,"column":103},"end":{"line":156,"column":121}},{"start":{"line":156,"column":121},"end":{"line":156,"column":122}}],"line":156},"18":{"loc":{"start":{"line":158,"column":37},"end":{"line":158,"column":112}},"type":"cond-expr","locations":[{"start":{"line":158,"column":69},"end":{"line":158,"column":91}},{"start":{"line":158,"column":91},"end":{"line":158,"column":112}}],"line":158},"19":{"loc":{"start":{"line":158,"column":41},"end":{"line":158,"column":63}},"type":"binary-expr","locations":[{"start":{"line":158,"column":41},"end":{"line":158,"column":58}},{"start":{"line":158,"column":58},"end":{"line":158,"column":63}}],"line":158},"20":{"loc":{"start":{"line":159,"column":37},"end":{"line":159,"column":55}},"type":"binary-expr","locations":[{"start":{"line":159,"column":37},"end":{"line":159,"column":54}},{"start":{"line":159,"column":54},"end":{"line":159,"column":55}}],"line":159},"21":{"loc":{"start":{"line":162,"column":56},"end":{"line":162,"column":80}},"type":"binary-expr","locations":[{"start":{"line":162,"column":56},"end":{"line":162,"column":78}},{"start":{"line":162,"column":78},"end":{"line":162,"column":80}}],"line":162},"22":{"loc":{"start":{"line":163,"column":76},"end":{"line":163,"column":91}},"type":"binary-expr","locations":[{"start":{"line":163,"column":76},"end":{"line":163,"column":88}},{"start":{"line":163,"column":88},"end":{"line":163,"column":91}}],"line":163},"23":{"loc":{"start":{"line":172,"column":7},"end":{"line":202,"column":null}},"type":"binary-expr","locations":[{"start":{"line":172,"column":7},"end":{"line":172,"column":null}},{"start":{"line":173,"column":8},"end":{"line":202,"column":null}}],"line":172},"24":{"loc":{"start":{"line":182,"column":17},"end":{"line":185,"column":null}},"type":"cond-expr","locations":[{"start":{"line":183,"column":18},"end":{"line":183,"column":null}},{"start":{"line":185,"column":18},"end":{"line":185,"column":null}}],"line":182},"25":{"loc":{"start":{"line":187,"column":33},"end":{"line":187,"column":222}},"type":"cond-expr","locations":[{"start":{"line":187,"column":145},"end":{"line":187,"column":166}},{"start":{"line":187,"column":145},"end":{"line":187,"column":222}}],"line":187},"26":{"loc":{"start":{"line":187,"column":117},"end":{"line":187,"column":139}},"type":"binary-expr","locations":[{"start":{"line":187,"column":117},"end":{"line":187,"column":134}},{"start":{"line":187,"column":134},"end":{"line":187,"column":139}}],"line":187},"27":{"loc":{"start":{"line":187,"column":145},"end":{"line":187,"column":222}},"type":"cond-expr","locations":[{"start":{"line":187,"column":194},"end":{"line":187,"column":212}},{"start":{"line":187,"column":212},"end":{"line":187,"column":222}}],"line":187},"28":{"loc":{"start":{"line":187,"column":166},"end":{"line":187,"column":188}},"type":"binary-expr","locations":[{"start":{"line":187,"column":166},"end":{"line":187,"column":183}},{"start":{"line":187,"column":183},"end":{"line":187,"column":188}}],"line":187},"29":{"loc":{"start":{"line":197,"column":95},"end":{"line":197,"column":114}},"type":"binary-expr","locations":[{"start":{"line":197,"column":95},"end":{"line":197,"column":113}},{"start":{"line":197,"column":113},"end":{"line":197,"column":114}}],"line":197},"30":{"loc":{"start":{"line":198,"column":84},"end":{"line":198,"column":102}},"type":"binary-expr","locations":[{"start":{"line":198,"column":84},"end":{"line":198,"column":101}},{"start":{"line":198,"column":101},"end":{"line":198,"column":102}}],"line":198}},"s":{"0":1,"1":94,"2":1,"3":19,"4":19,"5":19,"6":19,"7":19,"8":19,"9":19,"10":19,"11":6,"12":18,"13":19,"14":9,"15":9,"16":8,"17":24,"18":9,"19":1,"20":2,"21":9,"22":1,"23":2,"24":9,"25":8,"26":8,"27":9,"28":19,"29":19,"30":19,"31":9,"32":19,"33":0,"34":0,"35":0,"36":0,"37":19,"38":72,"39":0,"40":19,"41":19,"42":19,"43":1,"44":1,"45":57,"46":1,"47":0,"48":1,"49":34,"50":3,"51":0,"52":0},"f":{"0":94,"1":19,"2":6,"3":18,"4":9,"5":24,"6":2,"7":2,"8":8,"9":9,"10":0,"11":72,"12":0,"13":19,"14":1,"15":1,"16":57,"17":1,"18":0,"19":1,"20":34,"21":3,"22":0,"23":0},"b":{"0":[94,0],"1":[8,1],"2":[24,0],"3":[1,8],"4":[1,8],"5":[8,0],"6":[8,0],"7":[0,8],"8":[0,0],"9":[18,54],"10":[0,18],"11":[19,0],"12":[3,16],"13":[18,1],"14":[1,18],"15":[19,18],"16":[34,0],"17":[34,0],"18":[18,16],"19":[34,0],"20":[34,0],"21":[34,0],"22":[34,0],"23":[19,1],"24":[0,3],"25":[1,2],"26":[3,0],"27":[1,1],"28":[2,0],"29":[3,0],"30":[3,0]},"meta":{"lastBranch":31,"lastFunction":24,"lastStatement":53,"seen":{"s:11:44:23:Infinity":0,"f:25:9:25:23":0,"s:26:2:26:Infinity":1,"b:26:9:26:27:26:27:26:Infinity":0,"s:29:18:29:Infinity":2,"f:31:24:31:37":1,"s:32:28:32:Infinity":3,"s:33:28:33:Infinity":4,"s:34:26:34:Infinity":5,"s:35:30:35:Infinity":6,"s:36:28:36:Infinity":7,"s:37:22:37:Infinity":8,"s:38:30:38:Infinity":9,"s:40:8:40:Infinity":10,"f:40:29:40:35":2,"s:40:35:40:96":11,"f:40:58:40:59":3,"s:40:65:40:75":12,"s:42:8:52:Infinity":13,"f:42:27:42:33":4,"s:43:15:43:Infinity":14,"b:44:4:44:Infinity:undefined:undefined:undefined:undefined":1,"s:44:4:44:Infinity":15,"s:44:18:44:Infinity":16,"f:44:37:44:38":5,"s:44:38:44:69":17,"b:44:45:44:63:44:63:44:68":2,"b:45:4:45:Infinity:undefined:undefined:undefined:undefined":3,"s:45:4:45:Infinity":18,"s:45:16:45:Infinity":19,"f:45:35:45:36":6,"s:45:42:45:99":20,"b:46:4:46:Infinity:undefined:undefined:undefined:undefined":4,"s:46:4:46:Infinity":21,"s:46:18:46:Infinity":22,"f:46:37:46:38":7,"s:46:44:46:67":23,"s:47:4:50:Infinity":24,"f:47:26:47:27":8,"s:48:12:48:Infinity":25,"b:48:20:48:34:48:34:48:40":5,"b:48:40:48:54:48:54:48:Infinity":6,"s:49:6:49:Infinity":26,"b:49:23:49:30:49:30:49:Infinity":7,"s:51:4:51:Infinity":27,"s:54:21:54:Infinity":28,"s:55:16:55:Infinity":29,"s:57:2:57:Infinity":30,"f:57:10:57:16":9,"s:57:16:57:28":31,"s:59:21:62:Infinity":32,"f:59:21:59:22":10,"b:60:4:61:Infinity:61:9:61:Infinity":8,"s:60:4:61:Infinity":33,"s:60:25:60:Infinity":34,"s:61:11:61:28":35,"s:61:28:61:47":36,"s:64:14:67:Infinity":37,"f:64:14:64:15":11,"s:65:4:67:Infinity":38,"f:65:109:65:115":12,"s:65:115:65:Infinity":39,"b:66:34:66:57:66:57:66:Infinity":9,"b:66:44:66:50:66:50:66:57":10,"s:70:18:80:Infinity":40,"f:70:18:70:19":13,"s:71:4:80:Infinity":41,"b:74:12:74:Infinity:75:12:75:Infinity":11,"s:83:2:221:Infinity":42,"f:96:24:96:25":14,"s:96:31:96:Infinity":43,"f:102:22:102:23":15,"s:102:29:102:Infinity":44,"f:105:28:105:29":16,"s:105:35:105:88":45,"b:112:31:112:42:112:42:112:48":12,"f:112:54:112:60":17,"s:112:60:112:80":46,"b:116:107:116:152:116:152:116:197":13,"f:117:23:117:29":18,"s:117:29:117:Infinity":47,"b:121:106:121:151:121:151:121:196":14,"f:122:23:122:29":19,"s:122:29:122:Infinity":48,"b:130:7:130:Infinity:131:8:168:Infinity":15,"f:144:25:144:26":20,"s:145:16:164:Infinity":49,"b:149:23:149:39:149:39:149:Infinity":16,"b:156:103:156:121:156:121:156:122":17,"b:158:69:158:91:158:91:158:112":18,"b:158:41:158:58:158:58:158:63":19,"b:159:37:159:54:159:54:159:55":20,"b:162:56:162:78:162:78:162:80":21,"b:163:76:163:88:163:88:163:91":22,"b:172:7:172:Infinity:173:8:202:Infinity":23,"f:174:21:174:22":21,"s:175:12:200:Infinity":50,"b:183:18:183:Infinity:185:18:185:Infinity":24,"b:187:145:187:166:187:145:187:222":25,"b:187:117:187:134:187:134:187:139":26,"b:187:194:187:212:187:212:187:222":27,"b:187:166:187:183:187:183:187:188":28,"b:197:95:197:113:197:113:197:114":29,"b:198:84:198:101:198:101:198:102":30,"f:212:21:212:27":22,"s:212:27:212:Infinity":51,"f:217:21:217:27":23,"s:217:27:217:Infinity":52}}}
,"/home/theo/virtuals-dashboard/src/components/StatCard.tsx": {"path":"/home/theo/virtuals-dashboard/src/components/StatCard.tsx","statementMap":{"0":{"start":{"line":14,"column":21},"end":{"line":14,"column":null}},"1":{"start":{"line":15,"column":21},"end":{"line":15,"column":null}},"2":{"start":{"line":17,"column":2},"end":{"line":34,"column":null}}},"fnMap":{"0":{"name":"StatCard","decl":{"start":{"line":1,"column":24},"end":{"line":1,"column":33}},"loc":{"start":{"line":13,"column":3},"end":{"line":36,"column":null}},"line":13}},"branchMap":{"0":{"loc":{"start":{"line":14,"column":21},"end":{"line":14,"column":null}},"type":"cond-expr","locations":[{"start":{"line":14,"column":38},"end":{"line":14,"column":60}},{"start":{"line":14,"column":60},"end":{"line":14,"column":null}}],"line":14},"1":{"loc":{"start":{"line":14,"column":60},"end":{"line":14,"column":null}},"type":"cond-expr","locations":[{"start":{"line":14,"column":79},"end":{"line":14,"column":94}},{"start":{"line":14,"column":94},"end":{"line":14,"column":null}}],"line":14},"2":{"loc":{"start":{"line":15,"column":21},"end":{"line":15,"column":null}},"type":"cond-expr","locations":[{"start":{"line":15,"column":38},"end":{"line":15,"column":44}},{"start":{"line":15,"column":44},"end":{"line":15,"column":null}}],"line":15},"3":{"loc":{"start":{"line":15,"column":44},"end":{"line":15,"column":null}},"type":"cond-expr","locations":[{"start":{"line":15,"column":63},"end":{"line":15,"column":69}},{"start":{"line":15,"column":69},"end":{"line":15,"column":null}}],"line":15},"4":{"loc":{"start":{"line":26,"column":9},"end":{"line":29,"column":null}},"type":"binary-expr","locations":[{"start":{"line":26,"column":9},"end":{"line":26,"column":null}},{"start":{"line":27,"column":10},"end":{"line":29,"column":null}}],"line":26}},"s":{"0":3,"1":3,"2":3},"f":{"0":3},"b":{"0":[1,2],"1":[1,1],"2":[1,2],"3":[1,1],"4":[3,2]},"meta":{"lastBranch":5,"lastFunction":1,"lastStatement":3,"seen":{"f:1:24:1:33":0,"s:14:21:14:Infinity":0,"b:14:38:14:60:14:60:14:Infinity":0,"b:14:79:14:94:14:94:14:Infinity":1,"s:15:21:15:Infinity":1,"b:15:38:15:44:15:44:15:Infinity":2,"b:15:63:15:69:15:69:15:Infinity":3,"s:17:2:34:Infinity":2,"b:26:9:26:Infinity:27:10:29:Infinity":4}}}
,"/home/theo/virtuals-dashboard/src/lib/api-guard.ts": {"path":"/home/theo/virtuals-dashboard/src/lib/api-guard.ts","statementMap":{"0":{"start":{"line":19,"column":16},"end":{"line":19,"column":null}},"1":{"start":{"line":22,"column":8},"end":{"line":22,"column":null}},"2":{"start":{"line":23,"column":16},"end":{"line":23,"column":null}},"3":{"start":{"line":24,"column":2},"end":{"line":27,"column":null}},"4":{"start":{"line":25,"column":4},"end":{"line":25,"column":null}},"5":{"start":{"line":26,"column":4},"end":{"line":26,"column":null}},"6":{"start":{"line":28,"column":2},"end":{"line":28,"column":null}},"7":{"start":{"line":28,"column":32},"end":{"line":28,"column":null}},"8":{"start":{"line":29,"column":2},"end":{"line":29,"column":null}},"9":{"start":{"line":30,"column":2},"end":{"line":30,"column":null}},"10":{"start":{"line":34,"column":8},"end":{"line":34,"column":null}},"11":{"start":{"line":35,"column":16},"end":{"line":35,"column":null}},"12":{"start":{"line":36,"column":2},"end":{"line":36,"column":null}},"13":{"start":{"line":40,"column":24},"end":{"line":44,"column":null}},"14":{"start":{"line":47,"column":17},"end":{"line":47,"column":null}},"15":{"start":{"line":48,"column":18},"end":{"line":48,"column":null}},"16":{"start":{"line":51,"column":2},"end":{"line":51,"column":null}},"17":{"start":{"line":51,"column":27},"end":{"line":51,"column":null}},"18":{"start":{"line":53,"column":2},"end":{"line":53,"column":null}},"19":{"start":{"line":53,"column":44},"end":{"line":53,"column":64}},"20":{"start":{"line":53,"column":67},"end":{"line":53,"column":null}},"21":{"start":{"line":54,"column":2},"end":{"line":54,"column":null}},"22":{"start":{"line":54,"column":45},"end":{"line":54,"column":66}},"23":{"start":{"line":54,"column":69},"end":{"line":54,"column":null}},"24":{"start":{"line":57,"column":2},"end":{"line":57,"column":null}},"25":{"start":{"line":57,"column":75},"end":{"line":57,"column":null}},"26":{"start":{"line":59,"column":2},"end":{"line":59,"column":null}},"27":{"start":{"line":72,"column":54},"end":{"line":76,"column":null}},"28":{"start":{"line":85,"column":17},"end":{"line":88,"column":null}},"29":{"start":{"line":91,"column":2},"end":{"line":101,"column":null}},"30":{"start":{"line":92,"column":4},"end":{"line":100,"column":null}},"31":{"start":{"line":104,"column":8},"end":{"line":104,"column":null}},"32":{"start":{"line":105,"column":8},"end":{"line":108,"column":null}},"33":{"start":{"line":109,"column":2},"end":{"line":123,"column":null}},"34":{"start":{"line":110,"column":4},"end":{"line":122,"column":null}},"35":{"start":{"line":126,"column":2},"end":{"line":142,"column":null}},"36":{"start":{"line":127,"column":4},"end":{"line":141,"column":null}},"37":{"start":{"line":144,"column":2},"end":{"line":144,"column":null}},"38":{"start":{"line":151,"column":17},"end":{"line":151,"column":null}},"39":{"start":{"line":152,"column":2},"end":{"line":155,"column":null}},"40":{"start":{"line":153,"column":4},"end":{"line":153,"column":null}},"41":{"start":{"line":154,"column":4},"end":{"line":154,"column":null}},"42":{"start":{"line":157,"column":2},"end":{"line":157,"column":null}},"43":{"start":{"line":158,"column":2},"end":{"line":158,"column":null}},"44":{"start":{"line":159,"column":2},"end":{"line":159,"column":null}}},"fnMap":{"0":{"name":"checkDailyBudget","decl":{"start":{"line":21,"column":9},"end":{"line":21,"column":26}},"loc":{"start":{"line":21,"column":72},"end":{"line":31,"column":null}},"line":21},"1":{"name":"getDailyUsage","decl":{"start":{"line":33,"column":9},"end":{"line":33,"column":23}},"loc":{"start":{"line":33,"column":49},"end":{"line":37,"column":null}},"line":33},"2":{"name":"checkOrigin","decl":{"start":{"line":46,"column":9},"end":{"line":46,"column":21}},"loc":{"start":{"line":46,"column":48},"end":{"line":60,"column":null}},"line":46},"3":{"name":"(anonymous_3)","decl":{"start":{"line":53,"column":37},"end":{"line":53,"column":38}},"loc":{"start":{"line":53,"column":44},"end":{"line":53,"column":64}},"line":53},"4":{"name":"(anonymous_4)","decl":{"start":{"line":54,"column":38},"end":{"line":54,"column":39}},"loc":{"start":{"line":54,"column":45},"end":{"line":54,"column":66}},"line":54},"5":{"name":"apiGuard","decl":{"start":{"line":81,"column":16},"end":{"line":81,"column":null}},"loc":{"start":{"line":84,"column":23},"end":{"line":145,"column":null}},"line":84},"6":{"name":"secureHeaders","decl":{"start":{"line":150,"column":16},"end":{"line":150,"column":30}},"loc":{"start":{"line":150,"column":81},"end":{"line":160,"column":null}},"line":150}},"branchMap":{"0":{"loc":{"start":{"line":24,"column":2},"end":{"line":27,"column":null}},"type":"if","locations":[{"start":{"line":24,"column":2},"end":{"line":27,"column":null}},{"start":{},"end":{}}],"line":24},"1":{"loc":{"start":{"line":24,"column":6},"end":{"line":24,"column":38}},"type":"binary-expr","locations":[{"start":{"line":24,"column":6},"end":{"line":24,"column":16}},{"start":{"line":24,"column":16},"end":{"line":24,"column":38}}],"line":24},"2":{"loc":{"start":{"line":28,"column":2},"end":{"line":28,"column":null}},"type":"if","locations":[{"start":{"line":28,"column":2},"end":{"line":28,"column":null}},{"start":{},"end":{}}],"line":28},"3":{"loc":{"start":{"line":36,"column":9},"end":{"line":36,"column":null}},"type":"cond-expr","locations":[{"start":{"line":36,"column":33},"end":{"line":36,"column":47}},{"start":{"line":36,"column":47},"end":{"line":36,"column":null}}],"line":36},"4":{"loc":{"start":{"line":51,"column":2},"end":{"line":51,"column":null}},"type":"if","locations":[{"start":{"line":51,"column":2},"end":{"line":51,"column":null}},{"start":{},"end":{}}],"line":51},"5":{"loc":{"start":{"line":51,"column":6},"end":{"line":51,"column":27}},"type":"binary-expr","locations":[{"start":{"line":51,"column":6},"end":{"line":51,"column":17}},{"start":{"line":51,"column":17},"end":{"line":51,"column":27}}],"line":51},"6":{"loc":{"start":{"line":53,"column":2},"end":{"line":53,"column":null}},"type":"if","locations":[{"start":{"line":53,"column":2},"end":{"line":53,"column":null}},{"start":{},"end":{}}],"line":53},"7":{"loc":{"start":{"line":53,"column":6},"end":{"line":53,"column":67}},"type":"binary-expr","locations":[{"start":{"line":53,"column":6},"end":{"line":53,"column":16}},{"start":{"line":53,"column":16},"end":{"line":53,"column":67}}],"line":53},"8":{"loc":{"start":{"line":54,"column":2},"end":{"line":54,"column":null}},"type":"if","locations":[{"start":{"line":54,"column":2},"end":{"line":54,"column":null}},{"start":{},"end":{}}],"line":54},"9":{"loc":{"start":{"line":54,"column":6},"end":{"line":54,"column":69}},"type":"binary-expr","locations":[{"start":{"line":54,"column":6},"end":{"line":54,"column":17}},{"start":{"line":54,"column":17},"end":{"line":54,"column":69}}],"line":54},"10":{"loc":{"start":{"line":57,"column":2},"end":{"line":57,"column":null}},"type":"if","locations":[{"start":{"line":57,"column":2},"end":{"line":57,"column":null}},{"start":{},"end":{}}],"line":57},"11":{"loc":{"start":{"line":57,"column":6},"end":{"line":57,"column":75}},"type":"binary-expr","locations":[{"start":{"line":57,"column":6},"end":{"line":57,"column":41}},{"start":{"line":57,"column":41},"end":{"line":57,"column":75}}],"line":57},"12":{"loc":{"start":{"line":85,"column":17},"end":{"line":88,"column":null}},"type":"binary-expr","locations":[{"start":{"line":85,"column":17},"end":{"line":85,"column":47}},{"start":{"line":85,"column":47},"end":{"line":88,"column":null}}],"line":85},"13":{"loc":{"start":{"line":91,"column":2},"end":{"line":101,"column":null}},"type":"if","locations":[{"start":{"line":91,"column":2},"end":{"line":101,"column":null}},{"start":{},"end":{}}],"line":91},"14":{"loc":{"start":{"line":109,"column":2},"end":{"line":123,"column":null}},"type":"if","locations":[{"start":{"line":109,"column":2},"end":{"line":123,"column":null}},{"start":{},"end":{}}],"line":109},"15":{"loc":{"start":{"line":126,"column":2},"end":{"line":142,"column":null}},"type":"if","locations":[{"start":{"line":126,"column":2},"end":{"line":142,"column":null}},{"start":{},"end":{}}],"line":126},"16":{"loc":{"start":{"line":152,"column":2},"end":{"line":155,"column":null}},"type":"if","locations":[{"start":{"line":152,"column":2},"end":{"line":155,"column":null}},{"start":{},"end":{}}],"line":152}},"s":{"0":6,"1":6,"2":6,"3":6,"4":4,"5":4,"6":2,"7":0,"8":2,"9":2,"10":1,"11":1,"12":1,"13":6,"14":8,"15":8,"16":8,"17":1,"18":7,"19":11,"20":5,"21":2,"22":0,"23":0,"24":2,"25":1,"26":1,"27":6,"28":8,"29":8,"30":1,"31":7,"32":7,"33":7,"34":1,"35":6,"36":0,"37":6,"38":1,"39":1,"40":1,"41":1,"42":1,"43":1,"44":1},"f":{"0":6,"1":1,"2":8,"3":11,"4":0,"5":8,"6":1},"b":{"0":[4,2],"1":[6,2],"2":[0,2],"3":[0,1],"4":[1,7],"5":[8,1],"6":[5,2],"7":[7,7],"8":[0,2],"9":[2,0],"10":[1,1],"11":[2,1],"12":[8,0],"13":[1,7],"14":[1,6],"15":[0,6],"16":[1,0]},"meta":{"lastBranch":17,"lastFunction":7,"lastStatement":45,"seen":{"s:19:16:19:Infinity":0,"f:21:9:21:26":0,"s:22:8:22:Infinity":1,"s:23:16:23:Infinity":2,"b:24:2:27:Infinity:undefined:undefined:undefined:undefined":0,"s:24:2:27:Infinity":3,"b:24:6:24:16:24:16:24:38":1,"s:25:4:25:Infinity":4,"s:26:4:26:Infinity":5,"b:28:2:28:Infinity:undefined:undefined:undefined:undefined":2,"s:28:2:28:Infinity":6,"s:28:32:28:Infinity":7,"s:29:2:29:Infinity":8,"s:30:2:30:Infinity":9,"f:33:9:33:23":1,"s:34:8:34:Infinity":10,"s:35:16:35:Infinity":11,"s:36:2:36:Infinity":12,"b:36:33:36:47:36:47:36:Infinity":3,"s:40:24:44:Infinity":13,"f:46:9:46:21":2,"s:47:17:47:Infinity":14,"s:48:18:48:Infinity":15,"b:51:2:51:Infinity:undefined:undefined:undefined:undefined":4,"s:51:2:51:Infinity":16,"b:51:6:51:17:51:17:51:27":5,"s:51:27:51:Infinity":17,"b:53:2:53:Infinity:undefined:undefined:undefined:undefined":6,"s:53:2:53:Infinity":18,"b:53:6:53:16:53:16:53:67":7,"f:53:37:53:38":3,"s:53:44:53:64":19,"s:53:67:53:Infinity":20,"b:54:2:54:Infinity:undefined:undefined:undefined:undefined":8,"s:54:2:54:Infinity":21,"b:54:6:54:17:54:17:54:69":9,"f:54:38:54:39":4,"s:54:45:54:66":22,"s:54:69:54:Infinity":23,"b:57:2:57:Infinity:undefined:undefined:undefined:undefined":10,"s:57:2:57:Infinity":24,"b:57:6:57:41:57:41:57:75":11,"s:57:75:57:Infinity":25,"s:59:2:59:Infinity":26,"s:72:54:76:Infinity":27,"f:81:16:81:Infinity":5,"s:85:17:88:Infinity":28,"b:85:17:85:47:85:47:88:Infinity":12,"b:91:2:101:Infinity:undefined:undefined:undefined:undefined":13,"s:91:2:101:Infinity":29,"s:92:4:100:Infinity":30,"s:104:8:104:Infinity":31,"s:105:8:108:Infinity":32,"b:109:2:123:Infinity:undefined:undefined:undefined:undefined":14,"s:109:2:123:Infinity":33,"s:110:4:122:Infinity":34,"b:126:2:142:Infinity:undefined:undefined:undefined:undefined":15,"s:126:2:142:Infinity":35,"s:127:4:141:Infinity":36,"s:144:2:144:Infinity":37,"f:150:16:150:30":6,"s:151:17:151:Infinity":38,"b:152:2:155:Infinity:undefined:undefined:undefined:undefined":16,"s:152:2:155:Infinity":39,"s:153:4:153:Infinity":40,"s:154:4:154:Infinity":41,"s:157:2:157:Infinity":42,"s:158:2:158:Infinity":43,"s:159:2:159:Infinity":44}}}
,"/home/theo/virtuals-dashboard/src/lib/api.ts": {"path":"/home/theo/virtuals-dashboard/src/lib/api.ts","statementMap":{"0":{"start":{"line":35,"column":14},"end":{"line":38,"column":null}},"1":{"start":{"line":39,"column":15},"end":{"line":39,"column":null}},"2":{"start":{"line":40,"column":2},"end":{"line":40,"column":null}},"3":{"start":{"line":44,"column":14},"end":{"line":46,"column":null}},"4":{"start":{"line":47,"column":15},"end":{"line":47,"column":null}},"5":{"start":{"line":48,"column":2},"end":{"line":48,"column":null}},"6":{"start":{"line":52,"column":14},"end":{"line":54,"column":null}},"7":{"start":{"line":55,"column":15},"end":{"line":55,"column":null}},"8":{"start":{"line":56,"column":2},"end":{"line":56,"column":null}}},"fnMap":{"0":{"name":"fetchRanking","decl":{"start":{"line":34,"column":22},"end":{"line":34,"column":62}},"loc":{"start":{"line":34,"column":62},"end":{"line":41,"column":null}},"line":34},"1":{"name":"fetchAgentDetail","decl":{"start":{"line":43,"column":22},"end":{"line":43,"column":39}},"loc":{"start":{"line":43,"column":63},"end":{"line":49,"column":null}},"line":43},"2":{"name":"fetchVirtuals","decl":{"start":{"line":51,"column":22},"end":{"line":51,"column":63}},"loc":{"start":{"line":51,"column":63},"end":{"line":57,"column":null}},"line":51}},"branchMap":{"0":{"loc":{"start":{"line":40,"column":9},"end":{"line":40,"column":null}},"type":"binary-expr","locations":[{"start":{"line":40,"column":9},"end":{"line":40,"column":22}},{"start":{"line":40,"column":22},"end":{"line":40,"column":null}}],"line":40},"1":{"loc":{"start":{"line":48,"column":9},"end":{"line":48,"column":null}},"type":"binary-expr","locations":[{"start":{"line":48,"column":9},"end":{"line":48,"column":22}},{"start":{"line":48,"column":22},"end":{"line":48,"column":null}}],"line":48},"2":{"loc":{"start":{"line":56,"column":9},"end":{"line":56,"column":null}},"type":"binary-expr","locations":[{"start":{"line":56,"column":9},"end":{"line":56,"column":22}},{"start":{"line":56,"column":22},"end":{"line":56,"column":null}}],"line":56}},"s":{"0":2,"1":2,"2":2,"3":2,"4":2,"5":2,"6":1,"7":1,"8":1},"f":{"0":2,"1":2,"2":1},"b":{"0":[2,1],"1":[2,1],"2":[1,0]},"meta":{"lastBranch":3,"lastFunction":3,"lastStatement":9,"seen":{"f:34:22:34:62":0,"s:35:14:38:Infinity":0,"s:39:15:39:Infinity":1,"s:40:2:40:Infinity":2,"b:40:9:40:22:40:22:40:Infinity":0,"f:43:22:43:39":1,"s:44:14:46:Infinity":3,"s:47:15:47:Infinity":4,"s:48:2:48:Infinity":5,"b:48:9:48:22:48:22:48:Infinity":1,"f:51:22:51:63":2,"s:52:14:54:Infinity":6,"s:55:15:55:Infinity":7,"s:56:2:56:Infinity":8,"b:56:9:56:22:56:22:56:Infinity":2}}}
,"/home/theo/virtuals-dashboard/src/lib/format.ts": {"path":"/home/theo/virtuals-dashboard/src/lib/format.ts","statementMap":{"0":{"start":{"line":2,"column":2},"end":{"line":2,"column":null}},"1":{"start":{"line":2,"column":22},"end":{"line":2,"column":null}},"2":{"start":{"line":3,"column":2},"end":{"line":3,"column":null}},"3":{"start":{"line":3,"column":18},"end":{"line":3,"column":null}},"4":{"start":{"line":4,"column":2},"end":{"line":4,"column":null}},"5":{"start":{"line":8,"column":2},"end":{"line":8,"column":null}}},"fnMap":{"0":{"name":"formatNumber","decl":{"start":{"line":1,"column":16},"end":{"line":1,"column":29}},"loc":{"start":{"line":1,"column":48},"end":{"line":5,"column":null}},"line":1},"1":{"name":"formatPercent","decl":{"start":{"line":7,"column":16},"end":{"line":7,"column":30}},"loc":{"start":{"line":7,"column":49},"end":{"line":9,"column":null}},"line":7}},"branchMap":{"0":{"loc":{"start":{"line":2,"column":2},"end":{"line":2,"column":null}},"type":"if","locations":[{"start":{"line":2,"column":2},"end":{"line":2,"column":null}},{"start":{},"end":{}}],"line":2},"1":{"loc":{"start":{"line":3,"column":2},"end":{"line":3,"column":null}},"type":"if","locations":[{"start":{"line":3,"column":2},"end":{"line":3,"column":null}},{"start":{},"end":{}}],"line":3}},"s":{"0":43,"1":2,"2":41,"3":41,"4":5,"5":40},"f":{"0":43,"1":40},"b":{"0":[2,41],"1":[36,5]},"meta":{"lastBranch":2,"lastFunction":2,"lastStatement":6,"seen":{"f:1:16:1:29":0,"b:2:2:2:Infinity:undefined:undefined:undefined:undefined":0,"s:2:2:2:Infinity":0,"s:2:22:2:Infinity":1,"b:3:2:3:Infinity:undefined:undefined:undefined:undefined":1,"s:3:2:3:Infinity":2,"s:3:18:3:Infinity":3,"s:4:2:4:Infinity":4,"f:7:16:7:30":1,"s:8:2:8:Infinity":5}}}
,"/home/theo/virtuals-dashboard/src/lib/rate-limit.ts": {"path":"/home/theo/virtuals-dashboard/src/lib/rate-limit.ts","statementMap":{"0":{"start":{"line":11,"column":14},"end":{"line":11,"column":null}},"1":{"start":{"line":14,"column":18},"end":{"line":14,"column":null}},"2":{"start":{"line":16,"column":14},"end":{"line":16,"column":null}},"3":{"start":{"line":17,"column":2},"end":{"line":17,"column":null}},"4":{"start":{"line":17,"column":35},"end":{"line":17,"column":null}},"5":{"start":{"line":18,"column":2},"end":{"line":18,"column":null}},"6":{"start":{"line":19,"column":17},"end":{"line":19,"column":null}},"7":{"start":{"line":20,"column":2},"end":{"line":23,"column":null}},"8":{"start":{"line":21,"column":4},"end":{"line":21,"column":null}},"9":{"start":{"line":21,"column":54},"end":{"line":21,"column":64}},"10":{"start":{"line":22,"column":4},"end":{"line":22,"column":null}},"11":{"start":{"line":22,"column":39},"end":{"line":22,"column":null}},"12":{"start":{"line":30,"column":2},"end":{"line":30,"column":null}},"13":{"start":{"line":31,"column":14},"end":{"line":31,"column":null}},"14":{"start":{"line":32,"column":17},"end":{"line":32,"column":null}},"15":{"start":{"line":34,"column":14},"end":{"line":34,"column":null}},"16":{"start":{"line":35,"column":2},"end":{"line":38,"column":null}},"17":{"start":{"line":36,"column":4},"end":{"line":36,"column":null}},"18":{"start":{"line":37,"column":4},"end":{"line":37,"column":null}},"19":{"start":{"line":41,"column":2},"end":{"line":41,"column":null}},"20":{"start":{"line":41,"column":52},"end":{"line":41,"column":62}},"21":{"start":{"line":43,"column":2},"end":{"line":50,"column":null}},"22":{"start":{"line":44,"column":19},"end":{"line":44,"column":null}},"23":{"start":{"line":45,"column":4},"end":{"line":49,"column":null}},"24":{"start":{"line":52,"column":2},"end":{"line":52,"column":null}},"25":{"start":{"line":53,"column":2},"end":{"line":57,"column":null}},"26":{"start":{"line":64,"column":2},"end":{"line":68,"column":null}}},"fnMap":{"0":{"name":"cleanup","decl":{"start":{"line":15,"column":9},"end":{"line":15,"column":17}},"loc":{"start":{"line":15,"column":35},"end":{"line":24,"column":null}},"line":15},"1":{"name":"(anonymous_1)","decl":{"start":{"line":21,"column":47},"end":{"line":21,"column":48}},"loc":{"start":{"line":21,"column":54},"end":{"line":21,"column":64}},"line":21},"2":{"name":"rateLimit","decl":{"start":{"line":26,"column":16},"end":{"line":26,"column":null}},"loc":{"start":{"line":29,"column":60},"end":{"line":58,"column":null}},"line":29},"3":{"name":"(anonymous_3)","decl":{"start":{"line":41,"column":45},"end":{"line":41,"column":46}},"loc":{"start":{"line":41,"column":52},"end":{"line":41,"column":62}},"line":41},"4":{"name":"getClientIp","decl":{"start":{"line":63,"column":16},"end":{"line":63,"column":28}},"loc":{"start":{"line":63,"column":54},"end":{"line":70,"column":null}},"line":63}},"branchMap":{"0":{"loc":{"start":{"line":17,"column":2},"end":{"line":17,"column":null}},"type":"if","locations":[{"start":{"line":17,"column":2},"end":{"line":17,"column":null}},{"start":{},"end":{}}],"line":17},"1":{"loc":{"start":{"line":22,"column":4},"end":{"line":22,"column":null}},"type":"if","locations":[{"start":{"line":22,"column":4},"end":{"line":22,"column":null}},{"start":{},"end":{}}],"line":22},"2":{"loc":{"start":{"line":28,"column":2},"end":{"line":28,"column":null}},"type":"default-arg","locations":[{"start":{"line":28,"column":72},"end":{"line":28,"column":null}}],"line":28},"3":{"loc":{"start":{"line":28,"column":4},"end":{"line":28,"column":23}},"type":"default-arg","locations":[{"start":{"line":28,"column":15},"end":{"line":28,"column":23}}],"line":28},"4":{"loc":{"start":{"line":28,"column":23},"end":{"line":28,"column":31}},"type":"default-arg","locations":[{"start":{"line":28,"column":29},"end":{"line":28,"column":31}}],"line":28},"5":{"loc":{"start":{"line":35,"column":2},"end":{"line":38,"column":null}},"type":"if","locations":[{"start":{"line":35,"column":2},"end":{"line":38,"column":null}},{"start":{},"end":{}}],"line":35},"6":{"loc":{"start":{"line":43,"column":2},"end":{"line":50,"column":null}},"type":"if","locations":[{"start":{"line":43,"column":2},"end":{"line":50,"column":null}},{"start":{},"end":{}}],"line":43},"7":{"loc":{"start":{"line":65,"column":4},"end":{"line":68,"column":null}},"type":"binary-expr","locations":[{"start":{"line":65,"column":4},"end":{"line":65,"column":null}},{"start":{"line":66,"column":4},"end":{"line":66,"column":null}},{"start":{"line":67,"column":4},"end":{"line":67,"column":null}},{"start":{"line":68,"column":4},"end":{"line":68,"column":null}}],"line":65}},"s":{"0":7,"1":7,"2":11,"3":11,"4":11,"5":0,"6":0,"7":0,"8":0,"9":0,"10":0,"11":0,"12":11,"13":11,"14":11,"15":11,"16":11,"17":6,"18":6,"19":11,"20":9,"21":11,"22":2,"23":2,"24":9,"25":9,"26":9},"f":{"0":11,"1":0,"2":11,"3":9,"4":9},"b":{"0":[11,0],"1":[0,0],"2":[11],"3":[11],"4":[11],"5":[6,5],"6":[2,9],"7":[9,4,4,4]},"meta":{"lastBranch":8,"lastFunction":5,"lastStatement":27,"seen":{"s:11:14:11:Infinity":0,"s:14:18:14:Infinity":1,"f:15:9:15:17":0,"s:16:14:16:Infinity":2,"b:17:2:17:Infinity:undefined:undefined:undefined:undefined":0,"s:17:2:17:Infinity":3,"s:17:35:17:Infinity":4,"s:18:2:18:Infinity":5,"s:19:17:19:Infinity":6,"s:20:2:23:Infinity":7,"s:21:4:21:Infinity":8,"f:21:47:21:48":1,"s:21:54:21:64":9,"b:22:4:22:Infinity:undefined:undefined:undefined:undefined":1,"s:22:4:22:Infinity":10,"s:22:39:22:Infinity":11,"f:26:16:26:Infinity":2,"b:28:72:28:Infinity":2,"b:28:15:28:23":3,"b:28:29:28:31":4,"s:30:2:30:Infinity":12,"s:31:14:31:Infinity":13,"s:32:17:32:Infinity":14,"s:34:14:34:Infinity":15,"b:35:2:38:Infinity:undefined:undefined:undefined:undefined":5,"s:35:2:38:Infinity":16,"s:36:4:36:Infinity":17,"s:37:4:37:Infinity":18,"s:41:2:41:Infinity":19,"f:41:45:41:46":3,"s:41:52:41:62":20,"b:43:2:50:Infinity:undefined:undefined:undefined:undefined":6,"s:43:2:50:Infinity":21,"s:44:19:44:Infinity":22,"s:45:4:49:Infinity":23,"s:52:2:52:Infinity":24,"s:53:2:57:Infinity":25,"f:63:16:63:28":4,"s:64:2:68:Infinity":26,"b:65:4:65:Infinity:66:4:66:Infinity:67:4:67:Infinity:68:4:68:Infinity":7}}}
}
